Línea 11: la propiedad Icon de frmVariosT tenía una referencia a archivo no válida.
Línea 55: la propiedad ItemData de cboConcepto tenía una referencia a archivo no válida.
Línea 57: la propiedad List de cboConcepto tenía una referencia a archivo no válida.
Línea 306: la propiedad Picture de imgCuentas tenía una referencia a archivo no válida.
Línea 417: la propiedad ItemData de cmbRemesa tenía una referencia a archivo no válida.
Línea 419: la propiedad List de cmbRemesa tenía una referencia a archivo no válida.
Línea 1155: la propiedad Picture de imgCheck tenía una referencia a archivo no válida.
Línea 1163: la propiedad Picture de imgCheck tenía una referencia a archivo no válida.
Línea 1171: la propiedad Picture de imgCheck tenía una referencia a archivo no válida.
Línea 1179: la propiedad Picture de imgCheck tenía una referencia a archivo no válida.
Línea 1425: la propiedad ItemData de cmbReferencia tenía una referencia a archivo no válida.
Línea 1427: la propiedad List de cmbReferencia tenía una referencia a archivo no válida.
Línea 1444: la propiedad ItemData de cboTipoRemesa tenía una referencia a archivo no válida.
Línea 1446: la propiedad List de cboTipoRemesa tenía una referencia a archivo no válida.
Línea 1641: la propiedad Picture de cmdEliminarReclama tenía una referencia a archivo no válida.
Línea 1724: la propiedad Picture de imgCheck tenía una referencia a archivo no válida.
Línea 1732: la propiedad Picture de imgCheck tenía una referencia a archivo no válida.
Línea 3466: la propiedad Picture de imgCtaNorma tenía una referencia a archivo no válida.
Línea 3483: la propiedad Picture de imgEliminarCta tenía una referencia a archivo no válida.
Línea 3600: la propiedad Picture de imgcheckall tenía una referencia a archivo no válida.
Línea 3609: la propiedad Picture de imgcheckall tenía una referencia a archivo no válida.
Línea 3996: la propiedad ItemData de Combo2 tenía una referencia a archivo no válida.
Línea 3998: la propiedad List de Combo2 tenía una referencia a archivo no válida.
Línea 4008: la propiedad ItemData de Combo2 tenía una referencia a archivo no válida.
Línea 4010: la propiedad List de Combo2 tenía una referencia a archivo no válida.
Línea 4470: la propiedad Picture de imgRem tenía una referencia a archivo no válida.
