Línea 20: la clase MSDataGridLib.DataGrid del control DataGrid1 no era una clase de control cargada.
Línea 112: la clase MSComctlLib.Toolbar del control Toolbar1 no era una clase de control cargada.
Línea 201: la clase MSComctlLib.ImageList del control ImageList2 no era una clase de control cargada.
Línea 275: la clase MSAdodcLib.Adodc del control adodc1 no era una clase de control cargada.
Línea 21: el nombre de la propiedad Bindings de DataGrid1 no es válido.
Línea 27: el nombre de la propiedad _ExtentX de DataGrid1 no es válido.
Línea 28: el nombre de la propiedad _ExtentY de DataGrid1 no es válido.
Línea 29: el nombre de la propiedad _Version de DataGrid1 no es válido.
Línea 30: el nombre de la propiedad AllowUpdate de DataGrid1 no es válido.
Línea 32: el nombre de la propiedad HeadLines de DataGrid1 no es válido.
Línea 33: el nombre de la propiedad RowHeight de DataGrid1 no es válido.
Línea 42: el nombre de la propiedad HeadFont de DataGrid1 no es válido.
Línea 52: el nombre de la propiedad ColumnCount de DataGrid1 no es válido.
Línea 65: el nombre de la propiedad Column00 de DataGrid1 no es válido.
Línea 78: el nombre de la propiedad Column01 de DataGrid1 no es válido.
Línea 79: el nombre de la propiedad SplitCount de DataGrid1 no es válido.
Línea 85: el nombre de la propiedad Split0 de DataGrid1 no es válido.
Línea 119: el nombre de la propiedad _ExtentX de Toolbar1 no es válido.
Línea 120: el nombre de la propiedad _ExtentY de Toolbar1 no es válido.
Línea 121: el nombre de la propiedad ButtonWidth de Toolbar1 no es válido.
Línea 122: el nombre de la propiedad ButtonHeight de Toolbar1 no es válido.
Línea 124: el nombre de la propiedad ImageList de Toolbar1 no es válido.
Línea 125: el nombre de la propiedad _Version de Toolbar1 no es válido.
Línea 190: el nombre de la propiedad Buttons de Toolbar1 no es válido.
Línea 204: el nombre de la propiedad _ExtentX de ImageList2 no es válido.
Línea 205: el nombre de la propiedad _ExtentY de ImageList2 no es válido.
Línea 207: el nombre de la propiedad ImageWidth de ImageList2 no es válido.
Línea 208: el nombre de la propiedad ImageHeight de ImageList2 no es válido.
Línea 209: el nombre de la propiedad MaskColor de ImageList2 no es válido.
Línea 210: el nombre de la propiedad _Version de ImageList2 no es válido.
Línea 273: el nombre de la propiedad Images de ImageList2 no es válido.
Línea 281: el nombre de la propiedad _ExtentX de adodc1 no es válido.
Línea 282: el nombre de la propiedad _ExtentY de adodc1 no es válido.
Línea 283: el nombre de la propiedad ConnectMode de adodc1 no es válido.
Línea 284: el nombre de la propiedad CursorLocation de adodc1 no es válido.
Línea 285: el nombre de la propiedad IsolationLevel de adodc1 no es válido.
Línea 286: el nombre de la propiedad ConnectionTimeout de adodc1 no es válido.
Línea 287: el nombre de la propiedad CommandTimeout de adodc1 no es válido.
Línea 288: el nombre de la propiedad CursorType de adodc1 no es válido.
Línea 289: el nombre de la propiedad LockType de adodc1 no es válido.
Línea 290: el nombre de la propiedad CommandType de adodc1 no es válido.
Línea 291: el nombre de la propiedad CursorOptions de adodc1 no es válido.
Línea 292: el nombre de la propiedad CacheSize de adodc1 no es válido.
Línea 293: el nombre de la propiedad MaxRecords de adodc1 no es válido.
Línea 294: el nombre de la propiedad BOFAction de adodc1 no es válido.
Línea 295: el nombre de la propiedad EOFAction de adodc1 no es válido.
Línea 296: el nombre de la propiedad ConnectStringType de adodc1 no es válido.
Línea 300: el nombre de la propiedad Orientation de adodc1 no es válido.
Línea 302: el nombre de la propiedad Connect de adodc1 no es válido.
Línea 303: el nombre de la propiedad OLEDBString de adodc1 no es válido.
Línea 304: el nombre de la propiedad OLEDBFile de adodc1 no es válido.
Línea 305: el nombre de la propiedad DataSourceName de adodc1 no es válido.
Línea 306: el nombre de la propiedad OtherAttributes de adodc1 no es válido.
Línea 307: el nombre de la propiedad UserName de adodc1 no es válido.
Línea 308: el nombre de la propiedad Password de adodc1 no es válido.
Línea 309: el nombre de la propiedad RecordSource de adodc1 no es válido.
Línea 310: el nombre de la propiedad Caption de adodc1 no es válido.
Línea 320: el nombre de la propiedad _Version de adodc1 no es válido.
